
///////////////////////////////////
// Efinity Synthesis Started 
// Feb 23, 2022 23:09:11
///////////////////////////////////


///////////////////////////////////
// Efinity Synthesis Started 
// Feb 23, 2022 23:09:21
///////////////////////////////////


///////////////////////////////////
// Efinity Synthesis Started 
// Apr 08, 2022 23:27:38
///////////////////////////////////


///////////////////////////////////
// Efinity Synthesis Started 
// Apr 08, 2022 23:27:47
///////////////////////////////////


///////////////////////////////////
// Efinity Synthesis Started 
// Apr 08, 2022 23:42:32
///////////////////////////////////


///////////////////////////////////
// Efinity Synthesis Started 
// Apr 08, 2022 23:42:42
///////////////////////////////////


///////////////////////////////////
// Efinity Synthesis Started 
// Apr 08, 2022 23:47:08
///////////////////////////////////


///////////////////////////////////
// Efinity Synthesis Started 
// Apr 08, 2022 23:47:18
///////////////////////////////////


///////////////////////////////////
// Efinity Synthesis Started 
// Apr 09, 2022 14:56:38
///////////////////////////////////


///////////////////////////////////
// Efinity Synthesis Started 
// Apr 09, 2022 14:56:48
///////////////////////////////////


///////////////////////////////////
// Efinity Synthesis Started 
// Apr 09, 2022 15:00:43
///////////////////////////////////


///////////////////////////////////
// Efinity Synthesis Started 
// Apr 09, 2022 15:00:52
///////////////////////////////////


///////////////////////////////////
// Efinity Synthesis Started 
// May 09, 2022 21:53:05
///////////////////////////////////


///////////////////////////////////
// Efinity Synthesis Started 
// May 09, 2022 21:53:14
///////////////////////////////////


///////////////////////////////////
// Efinity Synthesis Started 
// May 09, 2022 21:55:24
///////////////////////////////////


///////////////////////////////////
// Efinity Synthesis Started 
// May 09, 2022 21:55:33
///////////////////////////////////


///////////////////////////////////
// Efinity Synthesis Started 
// May 09, 2022 22:02:21
///////////////////////////////////


///////////////////////////////////
// Efinity Synthesis Started 
// May 09, 2022 22:02:30
///////////////////////////////////


///////////////////////////////////
// Efinity Synthesis Started 
// May 09, 2022 22:08:29
///////////////////////////////////


///////////////////////////////////
// Efinity Synthesis Started 
// May 09, 2022 22:08:39
///////////////////////////////////


///////////////////////////////////
// Efinity Synthesis Started 
// May 09, 2022 22:13:51
///////////////////////////////////


///////////////////////////////////
// Efinity Synthesis Started 
// May 09, 2022 22:14:00
///////////////////////////////////


///////////////////////////////////
// Efinity Synthesis Started 
// May 11, 2022 23:49:21
///////////////////////////////////


///////////////////////////////////
// Efinity Synthesis Started 
// May 11, 2022 23:49:30
///////////////////////////////////


///////////////////////////////////
// Efinity Synthesis Started 
// Aug 31, 2022 22:12:08
///////////////////////////////////


///////////////////////////////////
// Efinity Synthesis Started 
// Aug 31, 2022 22:12:28
///////////////////////////////////


///////////////////////////////////
// Efinity Synthesis Started 
// Aug 31, 2022 22:19:59
///////////////////////////////////


///////////////////////////////////
// Efinity Synthesis Started 
// Aug 31, 2022 22:20:19
///////////////////////////////////


///////////////////////////////////
// Efinity Synthesis Started 
// Mar 07, 2023 14:31:21
///////////////////////////////////


///////////////////////////////////
// Efinity Synthesis Started 
// Mar 07, 2023 14:31:40
///////////////////////////////////


///////////////////////////////////
// Efinity Synthesis Started 
// Jul 03, 2023 18:23:18
///////////////////////////////////


///////////////////////////////////
// Efinity Synthesis Started 
// Jul 03, 2023 18:23:37
///////////////////////////////////


///////////////////////////////////
// Efinity Synthesis Started 
// Sep 20, 2023 13:02:45
///////////////////////////////////


///////////////////////////////////
// Efinity Synthesis Started 
// Sep 20, 2023 13:03:11
///////////////////////////////////


///////////////////////////////////
// Efinity Synthesis Started 
// Dec 23, 2024 09:58:19
///////////////////////////////////


///////////////////////////////////
// Efinity Synthesis Started 
// Dec 23, 2024 09:58:37
///////////////////////////////////


///////////////////////////////////
// Efinity Synthesis Started 
// Dec 23, 2024 10:07:38
///////////////////////////////////


///////////////////////////////////
// Efinity Synthesis Started 
// Dec 23, 2024 10:07:55
///////////////////////////////////


///////////////////////////////////
// Efinity Synthesis Started 
// Dec 23, 2024 10:09:53
///////////////////////////////////


///////////////////////////////////
// Efinity Synthesis Started 
// Dec 23, 2024 10:10:11
///////////////////////////////////


///////////////////////////////////
// Efinity Synthesis Started 
// Dec 23, 2024 10:32:53
///////////////////////////////////


///////////////////////////////////
// Efinity Synthesis Started 
// Dec 23, 2024 10:33:10
///////////////////////////////////


///////////////////////////////////
// Efinity Synthesis Started 
// Mar 03, 2025 12:29:02
///////////////////////////////////


///////////////////////////////////
// Efinity Synthesis Started 
// Mar 03, 2025 12:29:23
///////////////////////////////////


///////////////////////////////////
// Efinity Synthesis Started 
// Mar 03, 2025 12:30:34
///////////////////////////////////


///////////////////////////////////
// Efinity Synthesis Started 
// Mar 03, 2025 12:30:52
///////////////////////////////////


///////////////////////////////////
// Efinity Synthesis Started 
// Mar 03, 2025 15:34:17
///////////////////////////////////


///////////////////////////////////
// Efinity Synthesis Started 
// Mar 03, 2025 15:34:36
///////////////////////////////////


///////////////////////////////////
// Efinity Synthesis Started 
// Mar 03, 2025 15:37:43
///////////////////////////////////


///////////////////////////////////
// Efinity Synthesis Started 
// Mar 03, 2025 15:38:01
///////////////////////////////////


///////////////////////////////////
// Efinity Synthesis Started 
// Mar 03, 2025 15:41:49
///////////////////////////////////


///////////////////////////////////
// Efinity Synthesis Started 
// Mar 03, 2025 15:42:10
///////////////////////////////////


///////////////////////////////////
// Efinity Synthesis Started 
// Mar 03, 2025 15:51:09
///////////////////////////////////


///////////////////////////////////
// Efinity Synthesis Started 
// Mar 03, 2025 15:51:27
///////////////////////////////////


///////////////////////////////////
// Efinity Synthesis Started 
// Mar 03, 2025 16:30:29
///////////////////////////////////


///////////////////////////////////
// Efinity Synthesis Started 
// Mar 03, 2025 16:30:51
///////////////////////////////////

