
///////////////////////////////////
// Efinity Synthesis Started 
// Dec 30, 2024 14:38:31
///////////////////////////////////


///////////////////////////////////
// Efinity Synthesis Started 
// Dec 30, 2024 14:38:51
///////////////////////////////////


///////////////////////////////////
// Efinity Synthesis Started 
// Dec 30, 2024 14:41:08
///////////////////////////////////


///////////////////////////////////
// Efinity Synthesis Started 
// Dec 30, 2024 14:41:29
///////////////////////////////////


///////////////////////////////////
// Efinity Synthesis Started 
// Dec 30, 2024 15:05:11
///////////////////////////////////


///////////////////////////////////
// Efinity Synthesis Started 
// Dec 30, 2024 15:05:34
///////////////////////////////////


///////////////////////////////////
// Efinity Synthesis Started 
// Dec 31, 2024 11:09:50
///////////////////////////////////


///////////////////////////////////
// Efinity Synthesis Started 
// Dec 31, 2024 11:10:09
///////////////////////////////////


///////////////////////////////////
// Efinity Synthesis Started 
// Dec 31, 2024 11:14:03
///////////////////////////////////


///////////////////////////////////
// Efinity Synthesis Started 
// Dec 31, 2024 11:14:24
///////////////////////////////////


///////////////////////////////////
// Efinity Synthesis Started 
// Dec 31, 2024 11:17:05
///////////////////////////////////


///////////////////////////////////
// Efinity Synthesis Started 
// Dec 31, 2024 11:17:26
///////////////////////////////////


///////////////////////////////////
// Efinity Synthesis Started 
// Dec 31, 2024 14:48:56
///////////////////////////////////


///////////////////////////////////
// Efinity Synthesis Started 
// Dec 31, 2024 14:49:14
///////////////////////////////////


///////////////////////////////////
// Efinity Synthesis Started 
// Dec 31, 2024 15:04:06
///////////////////////////////////


///////////////////////////////////
// Efinity Synthesis Started 
// Dec 31, 2024 15:04:25
///////////////////////////////////


///////////////////////////////////
// Efinity Synthesis Started 
// Dec 31, 2024 15:31:20
///////////////////////////////////


///////////////////////////////////
// Efinity Synthesis Started 
// Dec 31, 2024 15:31:38
///////////////////////////////////


///////////////////////////////////
// Efinity Synthesis Started 
// Dec 31, 2024 15:45:45
///////////////////////////////////


///////////////////////////////////
// Efinity Synthesis Started 
// Dec 31, 2024 15:46:03
///////////////////////////////////


///////////////////////////////////
// Efinity Synthesis Started 
// Jan 08, 2025 16:25:53
///////////////////////////////////


///////////////////////////////////
// Efinity Synthesis Started 
// Jan 08, 2025 16:26:11
///////////////////////////////////


///////////////////////////////////
// Efinity Synthesis Started 
// Jan 08, 2025 16:54:02
///////////////////////////////////


///////////////////////////////////
// Efinity Synthesis Started 
// Jan 08, 2025 16:54:21
///////////////////////////////////


///////////////////////////////////
// Efinity Synthesis Started 
// Jan 08, 2025 20:50:38
///////////////////////////////////


///////////////////////////////////
// Efinity Synthesis Started 
// Jan 08, 2025 20:50:56
///////////////////////////////////


///////////////////////////////////
// Efinity Synthesis Started 
// Jan 08, 2025 21:21:56
///////////////////////////////////


///////////////////////////////////
// Efinity Synthesis Started 
// Jan 08, 2025 21:22:15
///////////////////////////////////


///////////////////////////////////
// Efinity Synthesis Started 
// Jan 08, 2025 21:32:01
///////////////////////////////////


///////////////////////////////////
// Efinity Synthesis Started 
// Jan 08, 2025 21:32:23
///////////////////////////////////


///////////////////////////////////
// Efinity Synthesis Started 
// Jan 08, 2025 21:36:08
///////////////////////////////////


///////////////////////////////////
// Efinity Synthesis Started 
// Jan 08, 2025 21:36:28
///////////////////////////////////

[EFX-0210 ERROR] No top design.

///////////////////////////////////
// Efinity Synthesis Started 
// Jan 08, 2025 21:38:16
///////////////////////////////////


///////////////////////////////////
// Efinity Synthesis Started 
// Jan 08, 2025 21:38:27
///////////////////////////////////


///////////////////////////////////
// Efinity Synthesis Started 
// Jan 08, 2025 21:38:45
///////////////////////////////////


///////////////////////////////////
// Efinity Synthesis Started 
// Jan 08, 2025 21:50:51
///////////////////////////////////


///////////////////////////////////
// Efinity Synthesis Started 
// Jan 08, 2025 21:51:11
///////////////////////////////////


///////////////////////////////////
// Efinity Synthesis Started 
// Jan 09, 2025 10:15:06
///////////////////////////////////


///////////////////////////////////
// Efinity Synthesis Started 
// Jan 09, 2025 10:15:27
///////////////////////////////////


///////////////////////////////////
// Efinity Synthesis Started 
// Jan 09, 2025 12:13:43
///////////////////////////////////


///////////////////////////////////
// Efinity Synthesis Started 
// Jan 09, 2025 12:14:17
///////////////////////////////////


///////////////////////////////////
// Efinity Synthesis Started 
// Jan 09, 2025 14:25:28
///////////////////////////////////


///////////////////////////////////
// Efinity Synthesis Started 
// Jan 09, 2025 14:25:59
///////////////////////////////////

[EFX-0210 ERROR] No top design.

///////////////////////////////////
// Efinity Synthesis Started 
// Jan 09, 2025 14:26:17
///////////////////////////////////


///////////////////////////////////
// Efinity Synthesis Started 
// Jan 09, 2025 14:26:36
///////////////////////////////////


///////////////////////////////////
// Efinity Synthesis Started 
// Jan 09, 2025 15:25:11
///////////////////////////////////


///////////////////////////////////
// Efinity Synthesis Started 
// Jan 09, 2025 15:25:30
///////////////////////////////////


///////////////////////////////////
// Efinity Synthesis Started 
// Jan 09, 2025 15:37:31
///////////////////////////////////


///////////////////////////////////
// Efinity Synthesis Started 
// Jan 09, 2025 15:37:51
///////////////////////////////////


///////////////////////////////////
// Efinity Synthesis Started 
// Jan 09, 2025 15:42:59
///////////////////////////////////


///////////////////////////////////
// Efinity Synthesis Started 
// Jan 09, 2025 15:43:20
///////////////////////////////////


///////////////////////////////////
// Efinity Synthesis Started 
// Jan 09, 2025 17:50:32
///////////////////////////////////


///////////////////////////////////
// Efinity Synthesis Started 
// Jan 09, 2025 17:50:52
///////////////////////////////////


///////////////////////////////////
// Efinity Synthesis Started 
// Jan 09, 2025 17:59:33
///////////////////////////////////


///////////////////////////////////
// Efinity Synthesis Started 
// Jan 09, 2025 17:59:57
///////////////////////////////////


///////////////////////////////////
// Efinity Synthesis Started 
// Jan 09, 2025 18:13:29
///////////////////////////////////


///////////////////////////////////
// Efinity Synthesis Started 
// Jan 09, 2025 18:14:24
///////////////////////////////////


///////////////////////////////////
// Efinity Synthesis Started 
// Jan 09, 2025 18:14:46
///////////////////////////////////


///////////////////////////////////
// Efinity Synthesis Started 
// Jan 09, 2025 18:32:48
///////////////////////////////////


///////////////////////////////////
// Efinity Synthesis Started 
// Jan 09, 2025 18:33:05
///////////////////////////////////


///////////////////////////////////
// Efinity Synthesis Started 
// Jan 09, 2025 21:28:53
///////////////////////////////////


///////////////////////////////////
// Efinity Synthesis Started 
// Jan 09, 2025 21:29:11
///////////////////////////////////


///////////////////////////////////
// Efinity Synthesis Started 
// Jan 09, 2025 21:49:55
///////////////////////////////////


///////////////////////////////////
// Efinity Synthesis Started 
// Jan 09, 2025 21:50:13
///////////////////////////////////


///////////////////////////////////
// Efinity Synthesis Started 
// Jan 09, 2025 21:59:42
///////////////////////////////////


///////////////////////////////////
// Efinity Synthesis Started 
// Jan 09, 2025 22:00:01
///////////////////////////////////

[EFX-0210 ERROR] No top design.

///////////////////////////////////
// Efinity Synthesis Started 
// Jan 09, 2025 22:04:03
///////////////////////////////////


///////////////////////////////////
// Efinity Synthesis Started 
// Jan 09, 2025 22:04:22
///////////////////////////////////


///////////////////////////////////
// Efinity Synthesis Started 
// Jan 09, 2025 22:41:32
///////////////////////////////////


///////////////////////////////////
// Efinity Synthesis Started 
// Jan 09, 2025 22:41:50
///////////////////////////////////


///////////////////////////////////
// Efinity Synthesis Started 
// Jan 18, 2025 16:20:04
///////////////////////////////////


///////////////////////////////////
// Efinity Synthesis Started 
// Jan 18, 2025 16:20:23
///////////////////////////////////

