
///////////////////////////////////
// Efinity Synthesis Started 
// Dec 31, 2024 17:07:19
///////////////////////////////////


///////////////////////////////////
// Efinity Synthesis Started 
// Dec 31, 2024 17:11:01
///////////////////////////////////


///////////////////////////////////
// Efinity Synthesis Started 
// Dec 31, 2024 17:13:57
///////////////////////////////////


///////////////////////////////////
// Efinity Synthesis Started 
// Jan 08, 2025 15:20:20
///////////////////////////////////

[EFX-0674 INTERNAL ERROR] Logic synthesis failed.

///////////////////////////////////
// Efinity Synthesis Started 
// Jan 08, 2025 15:21:23
///////////////////////////////////


///////////////////////////////////
// Efinity Synthesis Started 
// Jan 08, 2025 15:21:57
///////////////////////////////////


///////////////////////////////////
// Efinity Synthesis Started 
// Jan 08, 2025 15:22:43
///////////////////////////////////


///////////////////////////////////
// Efinity Synthesis Started 
// Jan 08, 2025 15:28:42
///////////////////////////////////


///////////////////////////////////
// Efinity Synthesis Started 
// Jan 08, 2025 15:29:50
///////////////////////////////////


///////////////////////////////////
// Efinity Synthesis Started 
// Jan 08, 2025 15:35:23
///////////////////////////////////


///////////////////////////////////
// Efinity Synthesis Started 
// Jan 08, 2025 15:37:20
///////////////////////////////////


///////////////////////////////////
// Efinity Synthesis Started 
// Jan 08, 2025 15:39:45
///////////////////////////////////


///////////////////////////////////
// Efinity Synthesis Started 
// Jan 08, 2025 15:41:03
///////////////////////////////////


///////////////////////////////////
// Efinity Synthesis Started 
// Jan 08, 2025 15:44:15
///////////////////////////////////

[EFX-0010 VERI-ERROR] instantiating unknown module 'CLK_DIV' (VERI-1063) (D:\FPGA_learning\RISC_V_Project\Compare_Project\Successful_RISC_V\07_Ti60F225_HDMI_720P_ADC_Display\src\char_display_top.v:58)
[EFX-0021 ERROR] Elaboration of module 'char_display_top' failed. Please check previous error messages.

///////////////////////////////////
// Efinity Synthesis Started 
// Jan 08, 2025 15:44:27
///////////////////////////////////


///////////////////////////////////
// Efinity Synthesis Started 
// Jan 08, 2025 15:46:05
///////////////////////////////////


///////////////////////////////////
// Efinity Synthesis Started 
// Jan 08, 2025 15:47:33
///////////////////////////////////


///////////////////////////////////
// Efinity Synthesis Started 
// Jan 08, 2025 15:51:53
///////////////////////////////////


///////////////////////////////////
// Efinity Synthesis Started 
// Jan 08, 2025 15:55:58
///////////////////////////////////


///////////////////////////////////
// Efinity Synthesis Started 
// Jan 08, 2025 15:58:30
///////////////////////////////////


///////////////////////////////////
// Efinity Synthesis Started 
// Jan 08, 2025 16:16:55
///////////////////////////////////


///////////////////////////////////
// Efinity Synthesis Started 
// Jan 08, 2025 16:17:44
///////////////////////////////////


///////////////////////////////////
// Efinity Synthesis Started 
// Jan 08, 2025 16:19:45
///////////////////////////////////


///////////////////////////////////
// Efinity Synthesis Started 
// Jan 08, 2025 16:25:23
///////////////////////////////////


///////////////////////////////////
// Efinity Synthesis Started 
// Jan 08, 2025 20:49:16
///////////////////////////////////


///////////////////////////////////
// Efinity Synthesis Started 
// Jan 08, 2025 21:20:28
///////////////////////////////////


///////////////////////////////////
// Efinity Synthesis Started 
// Jan 08, 2025 21:20:52
///////////////////////////////////


///////////////////////////////////
// Efinity Synthesis Started 
// Jan 08, 2025 21:31:57
///////////////////////////////////


///////////////////////////////////
// Efinity Synthesis Started 
// Jan 08, 2025 21:36:04
///////////////////////////////////


///////////////////////////////////
// Efinity Synthesis Started 
// Jan 08, 2025 21:38:23
///////////////////////////////////


///////////////////////////////////
// Efinity Synthesis Started 
// Jan 08, 2025 21:47:55
///////////////////////////////////


///////////////////////////////////
// Efinity Synthesis Started 
// Jan 08, 2025 21:50:47
///////////////////////////////////


///////////////////////////////////
// Efinity Synthesis Started 
// Jan 08, 2025 21:59:25
///////////////////////////////////


///////////////////////////////////
// Efinity Synthesis Started 
// Jan 09, 2025 10:15:05
///////////////////////////////////


///////////////////////////////////
// Efinity Synthesis Started 
// Jan 09, 2025 12:12:20
///////////////////////////////////

[EFX-0010 VERI-ERROR] concurrent assignment to a non-net 'rd_data' is not permitted (VERI-1195) (D:\FPGA_learning\RISC_V_Project\Compare_Project\Successful_RISC_V\07_Ti60F225_HDMI_720P_ADC_Display\src\char_display_top.v:114)
[EFX-0021 ERROR] Elaboration of module 'char_display_top' failed. Please check previous error messages.

///////////////////////////////////
// Efinity Synthesis Started 
// Jan 09, 2025 12:12:35
///////////////////////////////////


///////////////////////////////////
// Efinity Synthesis Started 
// Jan 09, 2025 12:26:47
///////////////////////////////////

[EFX-0010 VERI-ERROR] instantiating unknown module 'rgb2dvi' (VERI-1063) (D:\FPGA_learning\RISC_V_Project\Compare_Project\Successful_RISC_V\07_Ti60F225_HDMI_720P_ADC_Display\src\char_display_top.v:222)
[EFX-0021 ERROR] Elaboration of module 'char_display_top' failed. Please check previous error messages.

///////////////////////////////////
// Efinity Synthesis Started 
// Jan 09, 2025 12:27:00
///////////////////////////////////


///////////////////////////////////
// Efinity Synthesis Started 
// Jan 09, 2025 12:28:52
///////////////////////////////////


///////////////////////////////////
// Efinity Synthesis Started 
// Jan 09, 2025 12:30:29
///////////////////////////////////


///////////////////////////////////
// Efinity Synthesis Started 
// Jan 09, 2025 12:40:34
///////////////////////////////////


///////////////////////////////////
// Efinity Synthesis Started 
// Jan 09, 2025 14:17:10
///////////////////////////////////


///////////////////////////////////
// Efinity Synthesis Started 
// Jan 09, 2025 14:25:14
///////////////////////////////////


///////////////////////////////////
// Efinity Synthesis Started 
// Jan 09, 2025 14:35:24
///////////////////////////////////


///////////////////////////////////
// Efinity Synthesis Started 
// Jan 09, 2025 14:36:14
///////////////////////////////////


///////////////////////////////////
// Efinity Synthesis Started 
// Jan 09, 2025 14:59:17
///////////////////////////////////


///////////////////////////////////
// Efinity Synthesis Started 
// Jan 09, 2025 15:05:06
///////////////////////////////////


///////////////////////////////////
// Efinity Synthesis Started 
// Jan 09, 2025 15:23:54
///////////////////////////////////


///////////////////////////////////
// Efinity Synthesis Started 
// Jan 09, 2025 15:36:57
///////////////////////////////////


///////////////////////////////////
// Efinity Synthesis Started 
// Jan 09, 2025 15:42:20
///////////////////////////////////


///////////////////////////////////
// Efinity Synthesis Started 
// Jan 09, 2025 17:05:56
///////////////////////////////////


///////////////////////////////////
// Efinity Synthesis Started 
// Jan 09, 2025 17:11:58
///////////////////////////////////


///////////////////////////////////
// Efinity Synthesis Started 
// Jan 09, 2025 17:14:07
///////////////////////////////////


///////////////////////////////////
// Efinity Synthesis Started 
// Jan 09, 2025 17:17:05
///////////////////////////////////


///////////////////////////////////
// Efinity Synthesis Started 
// Jan 09, 2025 17:22:31
///////////////////////////////////


///////////////////////////////////
// Efinity Synthesis Started 
// Jan 09, 2025 17:25:14
///////////////////////////////////


///////////////////////////////////
// Efinity Synthesis Started 
// Jan 09, 2025 17:27:46
///////////////////////////////////


///////////////////////////////////
// Efinity Synthesis Started 
// Jan 09, 2025 17:45:35
///////////////////////////////////


///////////////////////////////////
// Efinity Synthesis Started 
// Jan 09, 2025 17:46:05
///////////////////////////////////


///////////////////////////////////
// Efinity Synthesis Started 
// Jan 09, 2025 17:47:27
///////////////////////////////////


///////////////////////////////////
// Efinity Synthesis Started 
// Jan 09, 2025 17:57:21
///////////////////////////////////


///////////////////////////////////
// Efinity Synthesis Started 
// Jan 09, 2025 18:08:32
///////////////////////////////////


///////////////////////////////////
// Efinity Synthesis Started 
// Jan 09, 2025 18:13:48
///////////////////////////////////


///////////////////////////////////
// Efinity Synthesis Started 
// Jan 09, 2025 18:31:14
///////////////////////////////////


///////////////////////////////////
// Efinity Synthesis Started 
// Jan 09, 2025 21:28:17
///////////////////////////////////


///////////////////////////////////
// Efinity Synthesis Started 
// Jan 09, 2025 21:48:39
///////////////////////////////////


///////////////////////////////////
// Efinity Synthesis Started 
// Jan 09, 2025 21:58:49
///////////////////////////////////


///////////////////////////////////
// Efinity Synthesis Started 
// Jan 09, 2025 22:17:03
///////////////////////////////////


///////////////////////////////////
// Efinity Synthesis Started 
// Jan 09, 2025 22:17:21
///////////////////////////////////


///////////////////////////////////
// Efinity Synthesis Started 
// Jan 09, 2025 22:20:07
///////////////////////////////////


///////////////////////////////////
// Efinity Synthesis Started 
// Jan 09, 2025 22:22:15
///////////////////////////////////

[EFX-0010 VERI-ERROR] net 'pix_data[23]' is constantly driven from multiple places (VDB-1000) (D:\FPGA_learning\RISC_V_Project\Compare_Project\Successful_RISC_V\08_Ti60F225_HDMI_720P_ADCWord\src\hdmi_char_display\vga_number.v:288)
[EFX-0010 VERI-ERROR] found another driver here (VDB-1001) (D:\FPGA_learning\RISC_V_Project\Compare_Project\Successful_RISC_V\08_Ti60F225_HDMI_720P_ADCWord\src\hdmi_char_display\vga_number.v:407)
[EFX-0021 ERROR] Elaboration of module 'wave_display' failed. Please check previous error messages.

///////////////////////////////////
// Efinity Synthesis Started 
// Jan 09, 2025 22:22:51
///////////////////////////////////


///////////////////////////////////
// Efinity Synthesis Started 
// Jan 09, 2025 22:34:43
///////////////////////////////////

[EFX-0010 VERI-ERROR] cannot assign to memory 'word4' directly (VERI-1006) (D:\FPGA_learning\RISC_V_Project\Compare_Project\Successful_RISC_V\08_Ti60F225_HDMI_720P_ADCWord\src\hdmi_char_display\vga_number.v:145)
[EFX-0010 VERI-ERROR] cannot access memory 'number0' directly (VERI-1002) (D:\FPGA_learning\RISC_V_Project\Compare_Project\Successful_RISC_V\08_Ti60F225_HDMI_720P_ADCWord\src\hdmi_char_display\vga_number.v:145)
[EFX-0010 VERI-ERROR] unpacked value/target cannot be used in an assignment (VERI-1644) (D:\FPGA_learning\RISC_V_Project\Compare_Project\Successful_RISC_V\08_Ti60F225_HDMI_720P_ADCWord\src\hdmi_char_display\vga_number.v:145)
[EFX-0010 VERI-ERROR] module 'vga_number' is ignored due to previous errors (VERI-1072) (D:\FPGA_learning\RISC_V_Project\Compare_Project\Successful_RISC_V\08_Ti60F225_HDMI_720P_ADCWord\src\hdmi_char_display\vga_number.v:721)

///////////////////////////////////
// Efinity Synthesis Started 
// Jan 09, 2025 22:40:23
///////////////////////////////////


///////////////////////////////////
// Efinity Synthesis Started 
// Jan 09, 2025 22:46:20
///////////////////////////////////


///////////////////////////////////
// Efinity Synthesis Started 
// Jan 09, 2025 22:53:17
///////////////////////////////////


///////////////////////////////////
// Efinity Synthesis Started 
// Jan 09, 2025 22:58:29
///////////////////////////////////


///////////////////////////////////
// Efinity Synthesis Started 
// Jan 09, 2025 23:01:38
///////////////////////////////////


///////////////////////////////////
// Efinity Synthesis Started 
// Jan 09, 2025 23:10:23
///////////////////////////////////


///////////////////////////////////
// Efinity Synthesis Started 
// Jan 09, 2025 23:14:32
///////////////////////////////////


///////////////////////////////////
// Efinity Synthesis Started 
// Jan 10, 2025 09:50:25
///////////////////////////////////


///////////////////////////////////
// Efinity Synthesis Started 
// Jan 10, 2025 09:54:58
///////////////////////////////////


///////////////////////////////////
// Efinity Synthesis Started 
// Jan 10, 2025 09:58:09
///////////////////////////////////


///////////////////////////////////
// Efinity Synthesis Started 
// Jan 10, 2025 10:02:57
///////////////////////////////////


///////////////////////////////////
// Efinity Synthesis Started 
// Jan 10, 2025 10:04:01
///////////////////////////////////


///////////////////////////////////
// Efinity Synthesis Started 
// Jan 10, 2025 10:08:21
///////////////////////////////////


///////////////////////////////////
// Efinity Synthesis Started 
// Jan 10, 2025 10:18:54
///////////////////////////////////


///////////////////////////////////
// Efinity Synthesis Started 
// Jan 10, 2025 10:21:34
///////////////////////////////////


///////////////////////////////////
// Efinity Synthesis Started 
// Jan 10, 2025 10:23:40
///////////////////////////////////


///////////////////////////////////
// Efinity Synthesis Started 
// Jan 10, 2025 10:24:15
///////////////////////////////////


///////////////////////////////////
// Efinity Synthesis Started 
// Jan 10, 2025 10:27:22
///////////////////////////////////


///////////////////////////////////
// Efinity Synthesis Started 
// Jan 18, 2025 16:02:00
///////////////////////////////////


///////////////////////////////////
// Efinity Synthesis Started 
// Jan 18, 2025 16:14:59
///////////////////////////////////

[EFX-0010 VERI-ERROR] instantiating unknown module 'key_filter' (VERI-1063) (D:\FPGA_learning\RISC_V_Project\Compare_Project\Successful_RISC_V\09_Ti60F225_HDMI_720P_ADCWord_NewVerison\src\wave_display.v:45)
[EFX-0021 ERROR] Elaboration of module 'wave_display' failed. Please check previous error messages.

///////////////////////////////////
// Efinity Synthesis Started 
// Jan 18, 2025 16:15:05
///////////////////////////////////


///////////////////////////////////
// Efinity Synthesis Started 
// Jan 18, 2025 16:31:03
///////////////////////////////////


///////////////////////////////////
// Efinity Synthesis Started 
// Jan 18, 2025 16:32:04
///////////////////////////////////


///////////////////////////////////
// Efinity Synthesis Started 
// Jun 21, 2024 16:32:04
///////////////////////////////////

