
# Efinity Pinout Report
# Version: 2024.2.294.1.19
# Date: 2024-06-21 16:33

# Copyright (C) 2013 - 2024 Efinix Inc. All rights reserved.

# Device: Ti60F225
# Package status: final
# Project: Ti60_HDMI_CharDsiplay720P
# Configuration mode: active (x1)

# NOTE: Similar information is available in Ti60_HDMI_CharDsiplay720P.pinout.csv

+------------+-------------------------------+--------------------+---------------+--------------+------------------+------+-------------+--------------------------------------+
| Pin Number |          Signal Name          |      Pin Name      |   Direction   | I/O Standard | I/O Bank Voltage | Bank |  Pull Type  |               Function               |
+------------+-------------------------------+--------------------+---------------+--------------+------------------+------+-------------+--------------------------------------+
|     A1     |            --GND--            |        GND         |     Power     |              |                  |      |             |                Ground                |
|     A2     |          key_change.N         |     GPIOL_N_18     |     Input     | 1.8 V LVCMOS |      1.8 V       |  1B  |             |          User IO/PLL_CLKIN           |
|     A3     |           --UNUSED--          |      GPIOL_03      |     Input     |              |      3.3 V       |  TL  | weak pullup |               User IO                |
|     A4     |           --UNUSED--          |      GPIOL_09      |     Input     |              |      3.3 V       |  TL  | weak pullup |               User IO                |
|     A5     |      tmds_lvds_tx_data2.P     |     GPIOT_P_03     |     Output    |              |      1.8 V       |  2A  |             |               User IO                |
|     A6     |      tmds_lvds_tx_data2.N     |     GPIOT_N_03     |     Output    |              |      1.8 V       |  2A  |             |               User IO                |
|     A7     |           --UNUSED--          |     GPIOT_N_06     |               |              |      1.8 V       |  2A  |             |               User IO                |
|     A8     |           --UNUSED--          | GPIOT_N_07_CLK4_N  |               |              |      1.8 V       |  2A  |             |          User IO/GCLK/RCLK           |
|     A9     |           --UNUSED--          |     GPIOT_N_11     |               |              |      1.8 V       |  2B  |             |               User IO                |
|    A10     |           --UNUSED--          |     GPIOT_P_14     |               |              |      1.8 V       |  2B  |             |               User IO                |
|    A11     |      tmds_lvds_tx_data0.P     | GPIOT_P_17_PLLIN1  |     Output    |              |      1.8 V       |  2B  |             |          User IO/PLL_CLKIN           |
|    A12     |           --UNUSED--          |      GPIOR_13      |     Input     |              |      3.3 V       |  TR  | weak pullup |               User IO                |
|    A13     |           --UNUSED--          |      GPIOR_12      |     Input     |              |      3.3 V       |  TR  | weak pullup |               User IO                |
|    A14     |           --UNUSED--          |      GPIOR_19      |     Input     |              |      3.3 V       |  TR  | weak pullup |               User IO                |
|    A15     |            --GND--            |        GND         |     Power     |              |                  |      |             |                Ground                |
|     B1     |           --UNUSED--          |  GPIOL_P_17_EXTFB  |               |              |      1.8 V       |  1B  |             |          User IO/PLL_EXTFB           |
|     B2     |           --UNUSED--          | GPIOL_P_18_PLLIN0  |               |              |      1.8 V       |  1B  |             |          User IO/PLL_CLKIN           |
|     B3     |           --UNUSED--          |      GPIOL_04      |     Input     |              |      3.3 V       |  TL  | weak pullup |               User IO                |
|     B4     |            --VCC--            |     VCCIO33_TL     |     Power     |              |      3.3 V       |  TL  |             |             VCCIO Power              |
|     B5     |           --UNUSED--          |      GPIOL_10      |     Input     |              |      3.3 V       |  TL  | weak pullup |               User IO                |
|     B6     |           --UNUSED--          |     GPIOT_P_01     |               |              |      1.8 V       |  2A  |             |               User IO                |
|     B7     |           --UNUSED--          |     GPIOT_P_06     |               |              |      1.8 V       |  2A  |             |               User IO                |
|     B8     |           --UNUSED--          | GPIOT_P_07_CLK4_P  |               |              |      1.8 V       |  2A  |             |          User IO/GCLK/RCLK           |
|     B9     |           --UNUSED--          |     GPIOT_P_11     |               |              |      1.8 V       |  2B  |             |               User IO                |
|    B10     |           --UNUSED--          |     GPIOT_N_14     |               |              |      1.8 V       |  2B  |             |               User IO                |
|    B11     |      tmds_lvds_tx_data0.N     |     GPIOT_N_17     |     Output    |              |      1.8 V       |  2B  |             |          User IO/PLL_CLKIN           |
|    B12     |           --UNUSED--          |      GPIOR_15      |     Input     |              |      3.3 V       |  TR  | weak pullup |               User IO                |
|    B13     |            --VCC--            |     VCCIO33_TR     |     Power     |              |      3.3 V       |  TR  |             |             VCCIO Power              |
|    B14     |           --UNUSED--          |      GPIOR_18      |     Input     |              |      3.3 V       |  TR  | weak pullup |               User IO                |
|    B15     |           --UNUSED--          |     REF_RES_3A     |     Input     |              |      1.8 V       |  3A  |             |                                      |
|     C1     |           --UNUSED--          |     GPIOL_N_16     |               |              |      1.8 V       |  1B  |             |               User IO                |
|     C2     |           --UNUSED--          |     GPIOL_N_17     |               |              |      1.8 V       |  1B  |             |          User IO/PLL_EXTFB           |
|     C3     |           --UNUSED--          |      GPIOL_06      |     Input     |              |      3.3 V       |  TL  | weak pullup |               User IO                |
|     C4     |           --UNUSED--          |      GPIOL_07      |     Input     |              |      3.3 V       |  TL  | weak pullup |               User IO                |
|     C5     |            clk_24M            |  GPIOL_11_PLLIN2   |     Input     | 3.3 V LVCMOS |      3.3 V       |  TL  |             |          User IO/PLL_CLKIN           |
|     C6     |           --UNUSED--          |     GPIOT_N_01     |               |              |      1.8 V       |  2A  |             |               User IO                |
|     C7     |            --VCC--            |      VCCIO2A       |     Power     |              |      1.8 V       |  2A  |             |             VCCIO Power              |
|     C8     |           --UNUSED--          | GPIOT_P_10_CLK7_P  |               |              |      1.8 V       |  2B  |             |          User IO/GCLK/RCLK           |
|     C9     |           --UNUSED--          | GPIOT_N_10_CLK7_N  |               |              |      1.8 V       |  2B  |             |          User IO/GCLK/RCLK           |
|    C10     |           --UNUSED--          |     GPIOT_P_13     |               |              |      1.8 V       |  2B  |             |             User IO/VREF             |
|    C11     |            --VCC--            |      VCCIO2B       |     Power     |              |      1.8 V       |  2B  |             |             VCCIO Power              |
|    C12     |           --UNUSED--          |      GPIOR_16      |     Input     |              |      3.3 V       |  TR  | weak pullup |               User IO                |
|    C13     |           --UNUSED--          |     GPIOR_P_17     |               |              |      1.8 V       |  3A  |             |               User IO                |
|    C14     |           --UNUSED--          | GPIOR_P_19_PLLIN0  |               |              |      1.8 V       |  3A  |             |          User IO/PLL_CLKIN           |
|    C15     |           --UNUSED--          |     GPIOR_N_19     |               |              |      1.8 V       |  3A  |             |          User IO/PLL_CLKIN           |
|     D1     |           --UNUSED--          |     GPIOL_P_16     |               |              |      1.8 V       |  1B  |             |               User IO                |
|     D2     |            --VCC--            |      VCCIO1B       |     Power     |              |      1.8 V       |  1B  |             |             VCCIO Power              |
|     D3     |            --GND--            |        GND         |     Power     |              |                  |      |             |                Ground                |
|     D4     |            --VCC--            |       VCCAUX       |     Power     |              |      1.8 V       |  4B  |             |                                      |
|     D5     |      tmds_lvds_tx_data1.N     |     GPIOT_N_00     |     Output    |              |      1.8 V       |  2A  |             |          User IO/PLL_CLKIN           |
|     D6     |            --VCC--            |      VCCIO2A       |     Power     |              |      1.8 V       |  2A  |             |             VCCIO Power              |
|     D7     |           --UNUSED--          |     GPIOT_N_05     |               |              |      1.8 V       |  2A  |             |               User IO                |
|     D8     |           --UNUSED--          | GPIOT_N_09_CLK6_N  |               |              |      1.8 V       |  2B  |             |          User IO/GCLK/RCLK           |
|     D9     |            --VCC--            |      VCCIO2B       |     Power     |              |      1.8 V       |  2B  |             |             VCCIO Power              |
|    D10     |           --UNUSED--          |     GPIOT_N_13     |               |              |      1.8 V       |  2B  |             |               User IO                |
|    D11     |           --UNUSED--          |     REF_RES_2B     |     Input     |              |      1.8 V       |  2B  |             |                                      |
|    D12     |           --UNUSED--          |      GPIOR_20      |     Input     |              |      3.3 V       |  TR  | weak pullup |               User IO                |
|    D13     |           --UNUSED--          |     GPIOR_N_17     |               |              |      1.8 V       |  3A  |             |               User IO                |
|    D14     |           --UNUSED--          |     GPIOR_N_18     |               |              |      1.8 V       |  3A  |             |               User IO                |
|    D15     |           --UNUSED--          |     GPIOR_P_18     |               |              |      1.8 V       |  3A  |             |               User IO                |
|     E1     |          --NSTATUS--          | GPIOL_P_15_NSTATUS |               |              |      1.8 V       |  1B  |             |      User IO/VREF/Configuration      |
|     E2     |           --TEST_N--          | GPIOL_N_15_TEST_N  |               |              |      1.8 V       |  1B  |             |        User IO/Configuration         |
|     E3     |     --CBSEL1-- / DAM[4].N     | GPIOL_N_13_CBSEL1  |     Input     | 1.8 V LVCMOS |      1.8 V       |  1B  |             |               User IO                |
|     E4     |           --UNUSED--          |     REF_RES_1B     |     Input     |              |      1.8 V       |  1B  |             |                                      |
|     E5     |            --VCC--            |      VCCA_TL       |     Power     |              |                  |      |             |           0.95 V PLL Power           |
|     E6     |      tmds_lvds_tx_data1.P     | GPIOT_P_00_PLLIN1  |     Output    |              |      1.8 V       |  2A  |             |        User IO/PLL_CLKIN/VREF        |
|     E7     |           --UNUSED--          |     GPIOT_P_05     |               |              |      1.8 V       |  2A  |             |               User IO                |
|     E8     |           --UNUSED--          | GPIOT_P_09_CLK6_P  |               |              |      1.8 V       |  2B  |             |          User IO/GCLK/RCLK           |
|     E9     |           --UNUSED--          |     GPIOT_N_12     |               |              |      1.8 V       |  2B  |             |               User IO                |
|    E10     |           --UNUSED--          |  GPIOT_P_16_EXTFB  |               |              |      1.8 V       |  2B  |             |          User IO/PLL_EXTFB           |
|    E11     |            --VCC--            |       VCCAUX       |     Power     |              |      1.8 V       |  4B  |             |                                      |
|    E12     |           --UNUSED--          |     GPIOR_N_15     |               |              |      1.8 V       |  3A  |             |               User IO                |
|    E13     |            --VCC--            |        VCC         |     Power     |              |                  |      |             |           0.95 V VCC Power           |
|    E14     |           --UNUSED--          |     GPIOR_N_16     |               |              |      1.8 V       |  3A  |             |               User IO                |
|    E15     |           --UNUSED--          |     GPIOR_P_16     |               |              |      1.8 V       |  3A  |             |               User IO                |
|     F1     |           --UNUSED--          |     GPIOL_P_14     |               |              |      1.8 V       |  1B  |             |               User IO                |
|     F2     |           --UNUSED--          |     GPIOL_N_14     |               |              |      1.8 V       |  1B  |             |               User IO                |
|     F3     |     --CBSEL0-- / DAM[3].P     | GPIOL_P_13_CBSEL0  |     Input     | 1.8 V LVCMOS |      1.8 V       |  1B  |             |               User IO                |
|     F4     |            --VCC--            |      VCCIO1B       |     Power     |              |      1.8 V       |  1B  |             |             VCCIO Power              |
|     F5     |         ADC_CLK_EXT.N         |     GPIOL_N_11     |     Output    | 1.8 V LVCMOS |      1.8 V       |  1B  |             |               User IO                |
|     F6     |           --UNUSED--          |     REF_RES_2A     |     Input     |              |      1.8 V       |  2A  |             |                                      |
|     F7     |       tmds_lvds_tx_clk.P      |     GPIOT_P_04     |     Output    |              |      1.8 V       |  2A  |             |               User IO                |
|     F8     |       tmds_lvds_tx_clk.N      |     GPIOT_N_04     |     Output    |              |      1.8 V       |  2A  |             |               User IO                |
|     F9     |           --UNUSED--          |     GPIOT_P_12     |               |              |      1.8 V       |  2B  |             |               User IO                |
|    F10     |           --UNUSED--          |     GPIOT_N_16     |               |              |      1.8 V       |  2B  |             |          User IO/PLL_EXTFB           |
|    F11     |           --UNUSED--          |     GPIOR_N_14     |               |              |      1.8 V       |  3A  |             |               User IO                |
|    F12     |           --UNUSED--          |     GPIOR_P_15     |               |              |      1.8 V       |  3A  |             |               User IO                |
|    F13     |           --UNUSED--          |     GPIOR_N_12     |               |              |      1.8 V       |  3A  |             |               User IO                |
|    F14     |            --VCC--            |      VCCIO3A       |     Power     |              |      1.8 V       |  3A  |             |             VCCIO Power              |
|    F15     |           --UNUSED--          |     GPIOR_N_13     |               |              |      1.8 V       |  3A  |             |               User IO                |
|     G1     |           --UNUSED--          | GPIOL_N_09_CLK2_N  |               |              |      1.8 V       |  1B  |             |          User IO/GCLK/RCLK           |
|     G2     |            DAM[6].N           | GPIOL_N_10_CLK3_N  |     Input     | 1.8 V LVCMOS |      1.8 V       |  1B  |             |          User IO/GCLK/RCLK           |
|     G3     |            DAM[1].P           |     GPIOL_P_12     |     Input     | 1.8 V LVCMOS |      1.8 V       |  1B  |             |               User IO                |
|     G4     |            DAM[2].N           |     GPIOL_N_12     |     Input     | 1.8 V LVCMOS |      1.8 V       |  1B  |             |               User IO                |
|     G5     |            DAM[7].P           |     GPIOL_P_11     |     Input     | 1.8 V LVCMOS |      1.8 V       |  1B  |             |               User IO                |
|     G6     |          --VCC/GND--          |      VQPS_GND      |     Power     |              |                  |      |             |                                      |
|     G7     |            --VCC--            |        VCC         |     Power     |              |                  |      |             |           0.95 V VCC Power           |
|     G8     |            --GND--            |        GND         |     Power     |              |                  |      |             |                Ground                |
|     G9     |            --VCC--            |        VCC         |     Power     |              |                  |      |             |           0.95 V VCC Power           |
|    G10     |            --VCC--            |      VCCA_TR       |     Power     |              |                  |      |             |           0.95 V PLL Power           |
|    G11     |           --UNUSED--          |     GPIOR_P_14     |               |              |      1.8 V       |  3A  |             |               User IO                |
|    G12     |            --VCC--            |      VCCIO3A       |     Power     |              |      1.8 V       |  3A  |             |             VCCIO Power              |
|    G13     |           --UNUSED--          |     GPIOR_P_12     |               |              |      1.8 V       |  3A  |             |               User IO                |
|    G14     |           --UNUSED--          | GPIOR_N_11_CLK8_N  |               |              |      1.8 V       |  3A  |             |          User IO/GCLK/RCLK           |
|    G15     |           --UNUSED--          |     GPIOR_P_13     |               |              |      1.8 V       |  3A  |             |             User IO/VREF             |
|     H1     |           --UNUSED--          | GPIOL_P_09_CLK2_P  |               |              |      1.8 V       |  1B  |             |          User IO/GCLK/RCLK           |
|     H2     |  --PCR_READBACK-- / DAM[5].P  | GPIOL_P_10_CLK3_P  |     Input     | 1.8 V LVCMOS |      1.8 V       |  1B  |             |   User IO/GCLK/RCLK/Configuration    |
|     H3     | --EXT_CONFIG_CLK-- / DBN[3].N | GPIOL_N_08_CLK1_N  |     Input     | 1.8 V LVCMOS |      1.8 V       |  1A  |             |   User IO/GCLK/RCLK/Configuration    |
|     H4     |      --CDI3-- / DAM[0].N      |  GPIOL_N_04_CDI3   |     Input     | 1.8 V LVCMOS |      1.8 V       |  1A  |             |               User IO                |
|     H5     |      --CDI2-- / DBN[0].P      |  GPIOL_P_04_CDI2   |     Input     | 1.8 V LVCMOS |      1.8 V       |  1A  |             |             User IO/VREF             |
|     H6     |            --VCC--            |        VCC         |     Power     |              |                  |      |             |           0.95 V VCC Power           |
|     H7     |            --GND--            |        GND         |     Power     |              |                  |      |             |                Ground                |
|     H8     |            --VCC--            |        VCC         |     Power     |              |                  |      |             |           0.95 V VCC Power           |
|     H9     |            --GND--            |        GND         |     Power     |              |                  |      |             |                Ground                |
|    H10     |           --UNUSED--          | GPIOR_P_08_CLK11_P |               |              |      1.8 V       |  3B  |             |          User IO/GCLK/RCLK           |
|    H11     |           --UNUSED--          | GPIOR_N_08_CLK11_N |               |              |      1.8 V       |  3B  |             |          User IO/GCLK/RCLK           |
|    H12     |           --UNUSED--          | GPIOR_N_10_CLK9_N  |               |              |      1.8 V       |  3A  |             |          User IO/GCLK/RCLK           |
|    H13     |           --UNUSED--          | GPIOR_P_10_CLK9_P  |               |              |      1.8 V       |  3A  |             |          User IO/GCLK/RCLK           |
|    H14     |           --UNUSED--          | GPIOR_P_11_CLK8_P  |               |              |      1.8 V       |  3A  |             |          User IO/GCLK/RCLK           |
|    H15     |           --UNUSED--          | GPIOR_N_09_CLK10_N |               |              |      1.8 V       |  3B  |             |          User IO/GCLK/RCLK           |
|     J1     |           --UNUSED--          | GPIOL_N_07_CLK0_N  |               |              |      1.8 V       |  1A  |             |          User IO/GCLK/RCLK           |
|     J2     |            DBN[4].P           | GPIOL_P_08_CLK1_P  |     Input     | 1.8 V LVCMOS |      1.8 V       |  1A  |             |          User IO/GCLK/RCLK           |
|     J3     |            DBN[1].N           |     GPIOL_N_05     |     Input     | 1.8 V LVCMOS |      1.8 V       |  1A  |             |               User IO                |
|     J4     |            --VCC--            |      VCCIO1A       |     Power     |              |      1.8 V       |  1A  |             |             VCCIO Power              |
|     J5     |          --CRESET_N--         |      CRESET_N      |     Input     |              |      1.8 V       |  1A  |             |            Configuration             |
|     J6     |            --GND--            |        GND         |     Power     |              |                  |      |             |                Ground                |
|     J7     |            --VCC--            |        VCC         |     Power     |              |                  |      |             |           0.95 V VCC Power           |
|     J8     |            --GND--            |        GND         |     Power     |              |                  |      |             |                Ground                |
|     J9     |            --VCC--            |        VCC         |     Power     |              |                  |      |             |           0.95 V VCC Power           |
|    J10     |           --CDI27--           |  GPIOR_N_03_CDI27  |               |              |      1.8 V       |  3B  |             |               User IO                |
|    J11     |            --VCC--            |      VCCIO3B       |     Power     |              |      1.8 V       |  3B  |             |             VCCIO Power              |
|    J12     |           --CDI29--           |  GPIOR_N_04_CDI29  |               |              |      1.8 V       |  3B  |             |               User IO                |
|    J13     |           --CDI21--           |  GPIOR_N_06_CDI21  |               |              |      1.8 V       |  3B  |             |               User IO                |
|    J14     |           --UNUSED--          |     GPIOR_N_07     |               |              |      1.8 V       |  3B  |             |               User IO                |
|    J15     |           --UNUSED--          | GPIOR_P_09_CLK10_P |               |              |      1.8 V       |  3B  |             |          User IO/GCLK/RCLK           |
|     K1     |           --UNUSED--          | GPIOL_P_07_CLK0_P  |               |              |      1.8 V       |  1A  |             |          User IO/GCLK/RCLK           |
|     K2     |            DBN[5].N           |     GPIOL_N_06     |     Input     | 1.8 V LVCMOS |      1.8 V       |  1A  |             |               User IO                |
|     K3     |            DBN[6].P           |     GPIOL_P_06     |     Input     | 1.8 V LVCMOS |      1.8 V       |  1A  |             |               User IO                |
|     K4     |            DBN[2].P           |     GPIOL_P_05     |     Input     | 1.8 V LVCMOS |      1.8 V       |  1A  |             |               User IO                |
|     K5     |           --UNUSED--          |     REF_RES_1A     |     Input     |              |      1.8 V       |  1A  |             |                                      |
|     K6     |           --UNUSED--          |     GPIOB_N_04     |               |              |      1.8 V       |  4B  |             |               User IO                |
|     K7     |        --READBACK_ERR--       | GPIOB_P_09_CLK13_P |               |              |      1.8 V       |  4A  |             | User IO/GCLK/RCLK/VREF/Configuration |
|     K8     |           --CDI10--           |  GPIOB_P_11_CDI10  |               |              |      1.8 V       |  4A  |             |               User IO                |
|     K9     |           --CDI11--           |  GPIOB_N_11_CDI11  |               |              |      1.8 V       |  4A  |             |               User IO                |
|    K10     |           --CDI26--           |  GPIOR_P_03_CDI26  |               |              |      1.8 V       |  3B  |             |               User IO                |
|    K11     |           --CDI22--           |  GPIOR_N_00_CDI22  |               |              |      1.8 V       |  3B  |             |          User IO/PLL_CLKIN           |
|    K12     |           --CDI28--           |  GPIOR_P_04_CDI28  |               |              |      1.8 V       |  3B  |             |               User IO                |
|    K13     |           --CDI20--           |  GPIOR_P_06_CDI20  |               |              |      1.8 V       |  3B  |             |               User IO                |
|    K14     |           --UNUSED--          |     GPIOR_P_07     |               |              |      1.8 V       |  3B  |             |               User IO                |
|    K15     |           --CDI31--           |  GPIOR_N_05_CDI31  |               |              |      1.8 V       |  3B  |             |               User IO                |
|     L1     |            --CDI1--           |  GPIOL_N_03_CDI1   |               |              |      1.8 V       |  1A  |             |        User IO/Configuration         |
|     L2     |            --VCC--            |      VCCIO1A       |     Power     |              |      1.8 V       |  1A  |             |             VCCIO Power              |
|     L3     |           --CDONE--           |       CDONE        | Bidirectional |              |      1.8 V       |  1A  |             |            Configuration             |
|     L4     |            --VCC--            |       VCCAUX       |     Power     |              |      1.8 V       |  4B  |             |                                      |
|     L5     |            --VCC--            |      VCCA_BL       |     Power     |              |                  |      |             |           0.95 V PLL Power           |
|     L6     |           --SSU_N--           |  GPIOB_P_04_SSU_N  |               |              |      1.8 V       |  4B  |             |      User IO/VREF/Configuration      |
|     L7     |            --CDI9--           |  GPIOB_N_06_CDI9   |               |              |      1.8 V       |  4B  |             |               User IO                |
|     L8     |           --UNUSED--          | GPIOB_N_09_CLK13_N |               |              |      1.8 V       |  4A  |             |          User IO/GCLK/RCLK           |
|     L9     |           --UNUSED--          | GPIOB_N_10_CLK12_N |               |              |      1.8 V       |  4A  |             |          User IO/GCLK/RCLK           |
|    L10     |            --VCC--            |      VCCA_BR       |     Power     |              |                  |      |             |           0.95 V PLL Power           |
|    L11     |           --UNUSED--          | GPIOR_P_00_PLLIN0  |               |              |      1.8 V       |  3B  |             |          User IO/PLL_CLKIN           |
|    L12     |           --UNUSED--          |  GPIOR_P_01_EXTFB  |               |              |      1.8 V       |  3B  |             |          User IO/PLL_EXTFB           |
|    L13     |           --CDI23--           |  GPIOR_N_01_CDI23  |               |              |      1.8 V       |  3B  |             |          User IO/PLL_EXTFB           |
|    L14     |            --VCC--            |      VCCIO3B       |     Power     |              |      1.8 V       |  3B  |             |             VCCIO Power              |
|    L15     |           --CDI30--           |  GPIOR_P_05_CDI30  |               |              |      1.8 V       |  3B  |             |             User IO/VREF             |
|     M1     |            --CDI0--           |  GPIOL_P_03_CDI0   |               |              |      1.8 V       |  1A  |             |        User IO/Configuration         |
|     M2     |       --CSO-- / DBN[7].N      |   GPIOL_N_02_CSO   |     Input     | 1.8 V LVCMOS |      1.8 V       |  1A  |             |        User IO/Configuration         |
|     M3     |            --VCC--            |        VCC         |     Power     |              |                  |      |             |           0.95 V VCC Power           |
|     M4     |            --TDO--            |        TDO         |     Output    |              |      3.3 V       |  BL  |             |            Configuration             |
|     M5     |           --UNUSED--          |     REF_RES_4B     |     Input     |              |      1.8 V       |  4B  |             |                                      |
|     M6     |            --CDI7--           |  GPIOB_N_03_CDI7   |               |              |      1.8 V       |  4B  |             |               User IO                |
|     M7     |            --CDI8--           |  GPIOB_P_06_CDI8   |               |              |      1.8 V       |  4B  |             |               User IO                |
|     M8     |           --UNUSED--          | GPIOB_N_08_CLK14_N |               |              |      1.8 V       |  4B  |             |          User IO/GCLK/RCLK           |
|     M9     |           --UNUSED--          | GPIOB_P_10_CLK12_P |               |              |      1.8 V       |  4A  |             |          User IO/GCLK/RCLK           |
|    M10     |           --CDI15--           |  GPIOB_N_13_CDI15  |               |              |      1.8 V       |  4A  |             |               User IO                |
|    M11     |            --VCC--            |       VCCAUX       |     Power     |              |      1.8 V       |  4B  |             |                                      |
|    M12     |           --UNUSED--          |     REF_RES_3B     |     Input     |              |      1.8 V       |  3B  |             |                                      |
|    M13     |            --GND--            |        GND         |     Power     |              |                  |      |             |                Ground                |
|    M14     |           --CDI24--           |  GPIOR_P_02_CDI24  |               |              |      1.8 V       |  3B  |             |               User IO                |
|    M15     |           --CDI25--           |  GPIOR_N_02_CDI25  |               |              |      1.8 V       |  3B  |             |               User IO                |
|     N1     |            --CCK--            |   GPIOL_N_01_CCK   |               |              |      1.8 V       |  1A  |             |        User IO/Configuration         |
|     N2     |    --CSI-- / ADC_CLK_EXT2.P   |   GPIOL_P_02_CSI   |     Output    | 1.8 V LVCMOS |      1.8 V       |  1A  |             |        User IO/Configuration         |
|     N3     |            --TMS--            |        TMS         |     Input     |              |      3.3 V       |  BL  |             |            Configuration             |
|     N4     |            --TCK--            |        TCK         |     Input     |              |      3.3 V       |  BL  |             |            Configuration             |
|     N5     |            --VCC--            |      VCCIO4B       |     Power     |              |      1.8 V       |  4B  |             |             VCCIO Power              |
|     N6     |            --CDI6--           |  GPIOB_P_03_CDI6   |               |              |      1.8 V       |  4B  |             |               User IO                |
|     N7     |            --VCC--            |      VCCIO4B       |     Power     |              |      1.8 V       |  4B  |             |             VCCIO Power              |
|     N8     |           --UNUSED--          | GPIOB_P_08_CLK14_P |               |              |      1.8 V       |  4B  |             |          User IO/GCLK/RCLK           |
|     N9     |            --VCC--            |      VCCIO4A       |     Power     |              |      1.8 V       |  4A  |             |             VCCIO Power              |
|    N10     |           --CDI14--           |  GPIOB_P_13_CDI14  |               |              |      1.8 V       |  4A  |             |               User IO                |
|    N11     |            --VCC--            |      VCCIO4A       |     Power     |              |      1.8 V       |  4A  |             |             VCCIO Power              |
|    N12     |           --UNUSED--          |     REF_RES_4A     |     Input     |              |      1.8 V       |  4A  |             |                                      |
|    N13     |            led_o[4]           |      GPIOR_24      |     Output    | 3.3 V LVCMOS |      3.3 V       |  BR  |             |               User IO                |
|    N14     |            led_o[3]           |      GPIOR_21      |     Output    | 3.3 V LVCMOS |      3.3 V       |  BR  |             |               User IO                |
|    N15     |            --VCC--            |     VCCIO33_BR     |     Power     |              |      3.3 V       |  BR  |             |             VCCIO Power              |
|     P1     |           --SSL_N--           |  GPIOL_P_01_SSL_N  |               |              |      1.8 V       |  1A  |             |        User IO/Configuration         |
|     P2     |           --UNUSED--          | GPIOL_P_00_PLLIN0  |               |              |      1.8 V       |  1A  |             |          User IO/PLL_CLKIN           |
|     P3     |            --TDI--            |        TDI         |     Input     |              |      3.3 V       |  BL  |             |            Configuration             |
|     P4     |            --VCC--            |     VCCIO33_BL     |     Power     |              |      3.3 V       |  BL  |             |             VCCIO Power              |
|     P5     |           --UNUSED--          |     GPIOB_N_00     |               |              |      1.8 V       |  4B  |             |          User IO/PLL_CLKIN           |
|     P6     |           --UNUSED--          |     GPIOB_N_01     |               |              |      1.8 V       |  4B  |             |          User IO/PLL_EXTFB           |
|     P7     |            --CDI5--           |  GPIOB_N_02_CDI5   |               |              |      1.8 V       |  4B  |             |               User IO                |
|     P8     |           --UNUSED--          | GPIOB_N_07_CLK15_N |               |              |      1.8 V       |  4B  |             |          User IO/GCLK/RCLK           |
|     P9     |           --CDI13--           |  GPIOB_N_12_CDI13  |               |              |      1.8 V       |  4A  |             |               User IO                |
|    P10     |           --CDI17--           |  GPIOB_N_14_CDI17  |               |              |      1.8 V       |  4A  |             |               User IO                |
|    P11     |           --UNUSED--          | GPIOB_P_17_PLLIN1  |               |              |      1.8 V       |  4A  |             |          User IO/PLL_CLKIN           |
|    P12     |           --UNUSED--          |     GPIOB_N_17     |               |              |      1.8 V       |  4A  |             |          User IO/PLL_CLKIN           |
|    P13     |            led_o[5]           |      GPIOR_27      |     Output    | 3.3 V LVCMOS |      3.3 V       |  BR  |             |               User IO                |
|    P14     |            led_o[1]           |      GPIOR_22      |     Output    | 3.3 V LVCMOS |      3.3 V       |  BR  |             |               User IO                |
|    P15     |            led_o[0]           |      GPIOR_25      |     Output    | 3.3 V LVCMOS |      3.3 V       |  BR  |             |               User IO                |
|     R1     |            --GND--            |        GND         |     Power     |              |                  |      |             |                Ground                |
|     R2     |           --UNUSED--          |     GPIOL_N_00     |               |              |      1.8 V       |  1A  |             |          User IO/PLL_CLKIN           |
|     R3     |           --UNUSED--          |      GPIOL_01      |     Input     |              |      3.3 V       |  BL  | weak pullup |               User IO                |
|     R4     |           --UNUSED--          |      GPIOL_02      |     Input     |              |      3.3 V       |  BL  | weak pullup |               User IO                |
|     R5     |           --UNUSED--          | GPIOB_P_00_PLLIN1  |               |              |      1.8 V       |  4B  |             |          User IO/PLL_CLKIN           |
|     R6     |           --UNUSED--          |  GPIOB_P_01_EXTFB  |               |              |      1.8 V       |  4B  |             |          User IO/PLL_EXTFB           |
|     R7     |            --CDI4--           |  GPIOB_P_02_CDI4   |               |              |      1.8 V       |  4B  |             |               User IO                |
|     R8     |           --UNUSED--          | GPIOB_P_07_CLK15_P |               |              |      1.8 V       |  4B  |             |          User IO/GCLK/RCLK           |
|     R9     |           --CDI12--           |  GPIOB_P_12_CDI12  |               |              |      1.8 V       |  4A  |             |               User IO                |
|    R10     |           --CDI16--           |  GPIOB_P_14_CDI16  |               |              |      1.8 V       |  4A  |             |               User IO                |
|    R11     |           --CDI19--           |  GPIOB_N_15_CDI19  |               |              |      1.8 V       |  4A  |             |               User IO                |
|    R12     |           --CDI18--           |  GPIOB_P_15_CDI18  |               |              |      1.8 V       |  4A  |             |               User IO                |
|    R13     |           --UNUSED--          |  GPIOR_29_PLLIN2   |     Input     |              |      3.3 V       |  BR  | weak pullup |          User IO/PLL_CLKIN           |
|    R14     |            led_o[2]           |      GPIOR_28      |     Output    | 3.3 V LVCMOS |      3.3 V       |  BR  |             |               User IO                |
|    R15     |            --GND--            |        GND         |     Power     |              |                  |      |             |                Ground                |
+------------+-------------------------------+--------------------+---------------+--------------+------------------+------+-------------+--------------------------------------+
